<?xml version="1.0" encoding="UTF-8"?>
<!-- Generated by org.testng.reporters.JUnitReportReporter -->
<testsuite skipped="0" hostname="Daths-PC" name="demo.LoginTest" tests="1" failures="0" timestamp="02 Sep 2018 17:51:46 GMT" time="13.887" errors="0">
  <testcase name="login" time="13.887" classname="demo.LoginTest"/>
</testsuite> <!-- demo.LoginTest -->
